0 info it worked if it ends with ok
1 verbose cli [ '/Users/alan/.usr/Cellar/node/0.10.26/bin/node',
1 verbose cli   '/Users/alan/.usr/bin/npm',
1 verbose cli   'publish' ]
2 info using npm@1.4.3
3 info using node@v0.10.26
4 verbose publish [ '.' ]
5 verbose cache add [ '.', null ]
6 verbose cache add name=undefined spec="." args=[".",null]
7 verbose parsed url { protocol: null,
7 verbose parsed url   slashes: null,
7 verbose parsed url   auth: null,
7 verbose parsed url   host: null,
7 verbose parsed url   port: null,
7 verbose parsed url   hostname: null,
7 verbose parsed url   hash: null,
7 verbose parsed url   search: null,
7 verbose parsed url   query: null,
7 verbose parsed url   pathname: '.',
7 verbose parsed url   path: '.',
7 verbose parsed url   href: '.' }
8 silly lockFile 3a52ce78- .
9 verbose lock . /Users/alan/.npm/3a52ce78-.lock
10 verbose tar pack [ '/var/folders/jj/zj0tlzfs7h70f4nm57jh0xs00000gn/T/npm-43845-EOBLZgKg/1407773516998-0.8280137032270432/tmp.tgz',
10 verbose tar pack   '.' ]
11 verbose tarball /var/folders/jj/zj0tlzfs7h70f4nm57jh0xs00000gn/T/npm-43845-EOBLZgKg/1407773516998-0.8280137032270432/tmp.tgz
12 verbose folder .
13 info prepublish delineate@0.0.0
14 silly lockFile 1f1177db-tar tar://.
15 verbose lock tar://. /Users/alan/.npm/1f1177db-tar.lock
16 silly lockFile b8a49ca7-16998-0-8280137032270432-tmp-tgz tar:///var/folders/jj/zj0tlzfs7h70f4nm57jh0xs00000gn/T/npm-43845-EOBLZgKg/1407773516998-0.8280137032270432/tmp.tgz
17 verbose lock tar:///var/folders/jj/zj0tlzfs7h70f4nm57jh0xs00000gn/T/npm-43845-EOBLZgKg/1407773516998-0.8280137032270432/tmp.tgz /Users/alan/.npm/b8a49ca7-16998-0-8280137032270432-tmp-tgz.lock
18 silly lockFile 1f1177db-tar tar://.
19 silly lockFile 1f1177db-tar tar://.
20 silly lockFile b8a49ca7-16998-0-8280137032270432-tmp-tgz tar:///var/folders/jj/zj0tlzfs7h70f4nm57jh0xs00000gn/T/npm-43845-EOBLZgKg/1407773516998-0.8280137032270432/tmp.tgz
21 silly lockFile b8a49ca7-16998-0-8280137032270432-tmp-tgz tar:///var/folders/jj/zj0tlzfs7h70f4nm57jh0xs00000gn/T/npm-43845-EOBLZgKg/1407773516998-0.8280137032270432/tmp.tgz
22 verbose tar unpack /var/folders/jj/zj0tlzfs7h70f4nm57jh0xs00000gn/T/npm-43845-EOBLZgKg/1407773516998-0.8280137032270432/tmp.tgz
23 silly lockFile 245ea19a-16998-0-8280137032270432-package tar:///var/folders/jj/zj0tlzfs7h70f4nm57jh0xs00000gn/T/npm-43845-EOBLZgKg/1407773516998-0.8280137032270432/package
24 verbose lock tar:///var/folders/jj/zj0tlzfs7h70f4nm57jh0xs00000gn/T/npm-43845-EOBLZgKg/1407773516998-0.8280137032270432/package /Users/alan/.npm/245ea19a-16998-0-8280137032270432-package.lock
25 silly lockFile b8a49ca7-16998-0-8280137032270432-tmp-tgz tar:///var/folders/jj/zj0tlzfs7h70f4nm57jh0xs00000gn/T/npm-43845-EOBLZgKg/1407773516998-0.8280137032270432/tmp.tgz
26 verbose lock tar:///var/folders/jj/zj0tlzfs7h70f4nm57jh0xs00000gn/T/npm-43845-EOBLZgKg/1407773516998-0.8280137032270432/tmp.tgz /Users/alan/.npm/b8a49ca7-16998-0-8280137032270432-tmp-tgz.lock
27 silly gunzTarPerm modes [ '755', '644' ]
28 silly gunzTarPerm extractEntry package.json
29 silly gunzTarPerm extractEntry .npmignore
30 silly gunzTarPerm extractEntry README
31 silly gunzTarPerm extractEntry LICENSE
32 silly gunzTarPerm extractEntry index.js
33 silly gunzTarPerm extractEntry .travis.yml
34 silly gunzTarPerm extractEntry CONTRIBUTING.md
35 silly gunzTarPerm extractEntry t/cover
36 silly gunzTarPerm extractEntry t/delineate/require.t.js
37 silly gunzTarPerm extractEntry t/test
38 silly lockFile 245ea19a-16998-0-8280137032270432-package tar:///var/folders/jj/zj0tlzfs7h70f4nm57jh0xs00000gn/T/npm-43845-EOBLZgKg/1407773516998-0.8280137032270432/package
39 silly lockFile 245ea19a-16998-0-8280137032270432-package tar:///var/folders/jj/zj0tlzfs7h70f4nm57jh0xs00000gn/T/npm-43845-EOBLZgKg/1407773516998-0.8280137032270432/package
40 silly lockFile b8a49ca7-16998-0-8280137032270432-tmp-tgz tar:///var/folders/jj/zj0tlzfs7h70f4nm57jh0xs00000gn/T/npm-43845-EOBLZgKg/1407773516998-0.8280137032270432/tmp.tgz
41 silly lockFile b8a49ca7-16998-0-8280137032270432-tmp-tgz tar:///var/folders/jj/zj0tlzfs7h70f4nm57jh0xs00000gn/T/npm-43845-EOBLZgKg/1407773516998-0.8280137032270432/tmp.tgz
42 verbose tar pack [ '/Users/alan/.npm/delineate/0.0.0/package.tgz',
42 verbose tar pack   '/var/folders/jj/zj0tlzfs7h70f4nm57jh0xs00000gn/T/npm-43845-EOBLZgKg/1407773516998-0.8280137032270432/package' ]
43 verbose tarball /Users/alan/.npm/delineate/0.0.0/package.tgz
44 verbose folder /var/folders/jj/zj0tlzfs7h70f4nm57jh0xs00000gn/T/npm-43845-EOBLZgKg/1407773516998-0.8280137032270432/package
45 silly lockFile 245ea19a-16998-0-8280137032270432-package tar:///var/folders/jj/zj0tlzfs7h70f4nm57jh0xs00000gn/T/npm-43845-EOBLZgKg/1407773516998-0.8280137032270432/package
46 verbose lock tar:///var/folders/jj/zj0tlzfs7h70f4nm57jh0xs00000gn/T/npm-43845-EOBLZgKg/1407773516998-0.8280137032270432/package /Users/alan/.npm/245ea19a-16998-0-8280137032270432-package.lock
47 silly lockFile adb48ad8--npm-delineate-0-0-0-package-tgz tar:///Users/alan/.npm/delineate/0.0.0/package.tgz
48 verbose lock tar:///Users/alan/.npm/delineate/0.0.0/package.tgz /Users/alan/.npm/adb48ad8--npm-delineate-0-0-0-package-tgz.lock
49 silly lockFile 245ea19a-16998-0-8280137032270432-package tar:///var/folders/jj/zj0tlzfs7h70f4nm57jh0xs00000gn/T/npm-43845-EOBLZgKg/1407773516998-0.8280137032270432/package
50 silly lockFile 245ea19a-16998-0-8280137032270432-package tar:///var/folders/jj/zj0tlzfs7h70f4nm57jh0xs00000gn/T/npm-43845-EOBLZgKg/1407773516998-0.8280137032270432/package
51 silly lockFile adb48ad8--npm-delineate-0-0-0-package-tgz tar:///Users/alan/.npm/delineate/0.0.0/package.tgz
52 silly lockFile adb48ad8--npm-delineate-0-0-0-package-tgz tar:///Users/alan/.npm/delineate/0.0.0/package.tgz
53 silly lockFile 10e756ad-alan-npm-delineate-0-0-0-package /Users/alan/.npm/delineate/0.0.0/package
54 verbose lock /Users/alan/.npm/delineate/0.0.0/package /Users/alan/.npm/10e756ad-alan-npm-delineate-0-0-0-package.lock
55 silly lockFile 10e756ad-alan-npm-delineate-0-0-0-package /Users/alan/.npm/delineate/0.0.0/package
56 silly lockFile 10e756ad-alan-npm-delineate-0-0-0-package /Users/alan/.npm/delineate/0.0.0/package
57 verbose tar unpack /Users/alan/.npm/delineate/0.0.0/package.tgz
58 silly lockFile ae1913be-alan-npm-delineate-0-0-0-package tar:///Users/alan/.npm/delineate/0.0.0/package
59 verbose lock tar:///Users/alan/.npm/delineate/0.0.0/package /Users/alan/.npm/ae1913be-alan-npm-delineate-0-0-0-package.lock
60 silly lockFile adb48ad8--npm-delineate-0-0-0-package-tgz tar:///Users/alan/.npm/delineate/0.0.0/package.tgz
61 verbose lock tar:///Users/alan/.npm/delineate/0.0.0/package.tgz /Users/alan/.npm/adb48ad8--npm-delineate-0-0-0-package-tgz.lock
62 silly gunzTarPerm modes [ '755', '644' ]
63 silly gunzTarPerm extractEntry package.json
64 silly gunzTarPerm extractEntry .npmignore
65 silly gunzTarPerm extractEntry README
66 silly gunzTarPerm extractEntry LICENSE
67 silly gunzTarPerm extractEntry index.js
68 silly gunzTarPerm extractEntry .travis.yml
69 silly gunzTarPerm extractEntry CONTRIBUTING.md
70 silly gunzTarPerm extractEntry t/cover
71 silly gunzTarPerm extractEntry t/delineate/require.t.js
72 silly gunzTarPerm extractEntry t/test
73 silly lockFile ae1913be-alan-npm-delineate-0-0-0-package tar:///Users/alan/.npm/delineate/0.0.0/package
74 silly lockFile ae1913be-alan-npm-delineate-0-0-0-package tar:///Users/alan/.npm/delineate/0.0.0/package
75 silly lockFile adb48ad8--npm-delineate-0-0-0-package-tgz tar:///Users/alan/.npm/delineate/0.0.0/package.tgz
76 silly lockFile adb48ad8--npm-delineate-0-0-0-package-tgz tar:///Users/alan/.npm/delineate/0.0.0/package.tgz
77 verbose chmod /Users/alan/.npm/delineate/0.0.0/package.tgz 644
78 verbose chown /Users/alan/.npm/delineate/0.0.0/package.tgz [ 501, 20 ]
79 silly lockFile 3a52ce78- .
80 silly lockFile 3a52ce78- .
81 silly publish { name: 'delineate',
81 silly publish   version: '0.0.0',
81 silly publish   author: { name: 'Alan Gutierrez', email: 'alan@prettyrobots.com' },
81 silly publish   description: 'Partition a leaf of rectangles into two containing rectangles.',
81 silly publish   keywords:
81 silly publish    [ 'btree',
81 silly publish      'database',
81 silly publish      'json',
81 silly publish      'b-tree',
81 silly publish      'r-tree',
81 silly publish      'spatial',
81 silly publish      'strata' ],
81 silly publish   contributors: [],
81 silly publish   homepage: 'https://github.com/bigeasy/delineate',
81 silly publish   bugs: { url: 'https://github.com/bigeasy/delineate/issues' },
81 silly publish   licenses:
81 silly publish    [ { type: 'MIT',
81 silly publish        url: 'http://github.com/bigeasy/delineate/raw/master/LICENSE' } ],
81 silly publish   repository: { type: 'git', url: 'http://github.com/bigeasy/delineate.git' },
81 silly publish   dependencies: {},
81 silly publish   devDependencies: { proof: '0.0.45' },
81 silly publish   scripts: { test: 'proof platform win32 && proof test */*/*.t.js || t/test' },
81 silly publish   readme: 'Delineate\n\nPartition a leaf of rectangles into two containing rectangles.\n\n    Discussion:     http://github.com/bigeasy/delineate/issues/1\n\n    Documentation:  http://bigeasy.github.io/delineate\n    Source:         http://github.com/bigeasy/delineate\n    Issues:         http://github.com/bigeasy/delineate/issues\n\n    Install:        `npm install delineate`\n\n    License:        MIT\n\nTo learn everything you want to know about Delineate start here:\n\n    http://bigeasy.github.io/delineate\n',
81 silly publish   readmeFilename: 'README',
81 silly publish   _id: 'delineate@0.0.0',
81 silly publish   dist: { shasum: '137f72f935cbdb1fc0e6dc06b692d9e931565705' },
81 silly publish   _from: '.' }
82 verbose url raw delineate
83 verbose url resolving [ 'https://registry.npmjs.org/', './delineate' ]
84 verbose url resolved https://registry.npmjs.org/delineate
85 info trying registry request attempt 1 at 12:11:57
86 http PUT https://registry.npmjs.org/delineate
87 http 403 https://registry.npmjs.org/delineate
88 error publish Failed PUT 403
89 error Error: forbidden cannot modify pre-existing version: 0.0.0
89 error old={"name":"delineate","version":"0.0.0","author":{"name":"Alan Gutierrez","email":"alan@prettyrobots.com"},"description":"Partition a leaf of rectangles into two containing rectangles.","keywords":["btree","database","json","b-tree","r-tree","spatial","strata"],"contributors":[],"homepage":"https://github.com/bigeasy/delineate","bugs":{"url":"https://github.com/bigeasy/delineate/issues"},"licenses":[{"type":"MIT","url":"http://github.com/bigeasy/delineate/raw/master/LICENSE"}],"repository":{"type":"git","url":"http://github.com/bigeasy/delineate.git"},"dependencies":{},"devDependencies":{"proof":"0.0.45"},"scripts":{"test":"proof platform win32 && proof test */*/*.t.js || t/test"},"_id":"delineate@0.0.0","dist":{"shasum":"137f72f935cbdb1fc0e6dc06b692d9e931565705","tarball":"http://registry.npmjs.org/delineate/-/delineate-0.0.0.tgz"},"_from":".","_npmVersion":"1.4.3","_npmUser":{"name":"bigeasy","email":"alan@prettyrobots.com"},"maintainers":[{"name":"bigeasy","email":"alan@prettyrobots.com"}]}
89 error new={"name":"delineate","version":"0.0.0","author":{"name":"Alan Gutierrez","email":"alan@prettyrobots.com"},"description":"Partition a leaf of rectangles into two containing rectangles.","keywords":["btree","database","json","b-tree","r-tree","spatial","strata"],"contributors":[],"homepage":"https://github.com/bigeasy/delineate","bugs":{"url":"https://github.com/bigeasy/delineate/issues"},"licenses":[{"type":"MIT","url":"http://github.com/bigeasy/delineate/raw/master/LICENSE"}],"repository":{"type":"git","url":"http://github.com/bigeasy/delineate.git"},"dependencies":{},"devDependencies":{"proof":"0.0.45"},"scripts":{"test":"proof platform win32 && proof test */*/*.t.js || t/test"},"readme":"Delineate\u000a\u000aPartition a leaf of rectangles into two containing rectangles.\u000a\u000a    Discussion:     http://github.com/bigeasy/delineate/issues/1\u000a\u000a    Documentation:  http://bigeasy.github.io/delineate\u000a    Source:         http://github.com/bigeasy/delineate\u000a    Issues:         http://github.com/bigeasy/delineate/issues\u000a\u000a    Install:        `npm install delineate`\u000a\u000a    License:        MIT\u000a\u000aTo learn everything you want to know about Delineate start here:\u000a\u000a    http://bigeasy.github.io/delineate\u000a","readmeFilename":"README","_id":"delineate@0.0.0","dist":{"shasum":"137f72f935cbdb1fc0e6dc06b692d9e931565705","tarball":"http://registry.npmjs.org/delineate/-/delineate-0.0.0.tgz"},"_from":".","_npmVersion":"1.4.3","_npmUser":{"name":"bigeasy","email":"alan@prettyrobots.com"},"maintainers":[{"name":"bigeasy","email":"alan@prettyrobots.com"}]}: delineate
89 error     at RegClient.<anonymous> (/Users/alan/.usr/Cellar/node/0.10.26/lib/node_modules/npm/node_modules/npm-registry-client/lib/request.js:237:14)
89 error     at Request.self.callback (/Users/alan/.usr/Cellar/node/0.10.26/lib/node_modules/npm/node_modules/request/request.js:123:22)
89 error     at Request.EventEmitter.emit (events.js:98:17)
89 error     at Request.<anonymous> (/Users/alan/.usr/Cellar/node/0.10.26/lib/node_modules/npm/node_modules/request/request.js:893:14)
89 error     at Request.EventEmitter.emit (events.js:117:20)
89 error     at IncomingMessage.<anonymous> (/Users/alan/.usr/Cellar/node/0.10.26/lib/node_modules/npm/node_modules/request/request.js:844:12)
89 error     at IncomingMessage.EventEmitter.emit (events.js:117:20)
89 error     at _stream_readable.js:920:16
89 error     at process._tickCallback (node.js:415:13)
90 error If you need help, you may report this *entire* log,
90 error including the npm and node versions, at:
90 error     <http://github.com/npm/npm/issues>
91 error System Darwin 13.3.0
92 error command "/Users/alan/.usr/Cellar/node/0.10.26/bin/node" "/Users/alan/.usr/bin/npm" "publish"
93 error cwd /Users/alan/git/ecma/delineate
94 error node -v v0.10.26
95 error npm -v 1.4.3
96 verbose exit [ 1, true ]
